Running with Java 11 from /opt/homebrew/Cellar/openjdk@11/11.0.26/libexec/openjdk.jdk/Contents/Home, which is older than the minimum required version (Java 17).
Supported Java versions are: [17, 21]
See https://jenkins.io/redirect/java-support/ for more information.
Running from: /opt/homebrew/Cellar/jenkins-lts/2.492.1/libexec/jenkins.war
webroot: /Users/rnvsc/.jenkins/war
2025-02-24 23:41:04.173+0000 [id=1]	INFO	winstone.Logger#logInternal: Beginning extraction from war file
2025-02-24 23:41:04.214+0000 [id=1]	WARNING	o.e.j.ee9.nested.ContextHandler#setContextPath: Empty contextPath
2025-02-24 23:41:04.248+0000 [id=1]	INFO	org.eclipse.jetty.server.Server#doStart: jetty-12.0.16; built: 2024-12-09T21:02:54.535Z; git: c3f88bafb4e393f23204dc14dc57b042e84debc7; jvm 17.0.14+0
2025-02-24 23:41:04.564+0000 [id=1]	INFO	o.e.j.e.w.StandardDescriptorProcessor#visitServlet: NO JSP Support for /, did not find org.eclipse.jetty.ee9.jsp.JettyJspServlet
2025-02-24 23:41:04.593+0000 [id=1]	INFO	o.e.j.s.DefaultSessionIdManager#doStart: Session workerName=node0
2025-02-24 23:41:04.869+0000 [id=1]	INFO	hudson.WebAppMain#contextInitialized: Jenkins home directory: /Users/rnvsc/.jenkins found at: $user.home/.jenkins
2025-02-24 23:41:05.669+0000 [id=1]	INFO	o.e.j.s.handler.ContextHandler#doStart: Started oeje9n.ContextHandler$CoreContextHandler@21a5fd96{Jenkins v2.492.1,/,b=file:///Users/rnvsc/.jenkins/war/,a=AVAILABLE,h=oeje9n.ContextHandler$CoreContextHandler$CoreToNestedHandler@5769e7ae{STARTED}}
2025-02-24 23:41:05.687+0000 [id=1]	INFO	o.e.j.server.AbstractConnector#doStart: Started ServerConnector@71e9a896{HTTP/1.1, (http/1.1)}{0.0.0.0:8080}
2025-02-24 23:41:05.702+0000 [id=1]	INFO	org.eclipse.jetty.server.Server#doStart: Started oejs.Server@1fe20588{STARTING}[12.0.16,sto=0] @1901ms
2025-02-24 23:41:05.703+0000 [id=27]	INFO	winstone.Logger#logInternal: Winstone Servlet Engine running: controlPort=disabled
2025-02-24 23:41:05.778+0000 [id=26]	INFO	jenkins.model.Jenkins#<init>: Starting version 2.492.1
2025-02-24 23:41:05.832+0000 [id=33]	INFO	jenkins.InitReactorRunner$1#onAttained: Started initialization
2025-02-24 23:41:05.926+0000 [id=39]	INFO	jenkins.InitReactorRunner$1#onAttained: Listed all plugins
2025-02-24 23:41:07.821+0000 [id=34]	INFO	jenkins.InitReactorRunner$1#onAttained: Prepared all plugins
2025-02-24 23:41:07.831+0000 [id=40]	INFO	jenkins.InitReactorRunner$1#onAttained: Started all plugins
2025-02-24 23:41:07.831+0000 [id=35]	INFO	jenkins.InitReactorRunner$1#onAttained: Augmented all extensions
2025-02-24 23:41:07.999+0000 [id=45]	INFO	h.p.b.g.GlobalTimeOutConfiguration#load: global timeout not set
2025-02-24 23:41:08.560+0000 [id=36]	INFO	jenkins.InitReactorRunner$1#onAttained: System config loaded
2025-02-24 23:41:08.560+0000 [id=44]	INFO	jenkins.InitReactorRunner$1#onAttained: System config adapted
2025-02-24 23:41:08.586+0000 [id=43]	INFO	jenkins.InitReactorRunner$1#onAttained: Loaded all jobs
2025-02-24 23:41:08.591+0000 [id=32]	INFO	jenkins.InitReactorRunner$1#onAttained: Configuration for all jobs updated
2025-02-24 23:41:08.604+0000 [id=45]	INFO	jenkins.InitReactorRunner$1#onAttained: Completed initialization
2025-02-24 23:41:08.625+0000 [id=26]	INFO	hudson.lifecycle.Lifecycle#onReady: Jenkins is fully up and running
